<?xml version="1.0" encoding="UTF-8"?>
<testng-results ignored="0" total="1" passed="1" failed="0" skipped="0">
  <reporter-output>
  </reporter-output>
  <suite started-at="2023-10-27T15:03:12 IST" name="Default suite" finished-at="2023-10-27T15:03:53 IST" duration-ms="41847">
    <groups>
    </groups>
    <test started-at="2023-10-27T15:03:12 IST" name="Default test" finished-at="2023-10-27T15:03:53 IST" duration-ms="41847">
      <class name="exe_pkg.Resume_now_test">
        <test-method is-config="true" signature="setup()[pri:0, instance:exe_pkg.Resume_now_test@59474f18]" started-at="2023-10-27T15:03:12 IST" name="setup" finished-at="2023-10-27T15:03:14 IST" duration-ms="1910" status="PASS">
          <reporter-output>
          </reporter-output>
        </test-method> <!-- setup -->
        <test-method is-config="true" signature="urlloading()[pri:0, instance:exe_pkg.Resume_now_test@59474f18]" started-at="2023-10-27T15:03:14 IST" name="urlloading" finished-at="2023-10-27T15:03:15 IST" duration-ms="1044" status="PASS">
          <reporter-output>
          </reporter-output>
        </test-method> <!-- urlloading -->
        <test-method signature="testresume()[pri:0, instance:exe_pkg.Resume_now_test@59474f18]" started-at="2023-10-27T15:03:15 IST" name="testresume" finished-at="2023-10-27T15:03:53 IST" duration-ms="38842" status="PASS">
          <reporter-output>
          </reporter-output>
        </test-method> <!-- testresume -->
      </class> <!-- exe_pkg.Resume_now_test -->
    </test> <!-- Default test -->
  </suite> <!-- Default suite -->
</testng-results>
